# JRE version: OpenJDK Runtime Environment Corretto-11.0.16.8.1 (11.0.16+8) (build 11.0.16+8-LTS)
# Java VM: OpenJDK 64-Bit Server VM Corretto-11.0.16.8.1 (11.0.16+8-LTS, mixed mode, tiered, compressed oops, g1 gc, windows-amd64)
Heap:
 garbage-first heap   total 262144K, used 202410K [0x00000000e0000000, 0x0000000100000000)
  region size 1024K, 57 young (58368K), 3 survivors (3072K)
 Metaspace       used 78466K, capacity 80839K, committed 81104K, reserved 325632K
  class space    used 10073K, capacity 10984K, committed 11040K, reserved 253952K
GC Heap History (20 events):
Event: 6.029 GC heap before
{Heap before GC invocations=1 (full 0):
 garbage-first heap   total 262144K, used 106016K [0x00000000e0000000, 0x0000000100000000)
  region size 1024K, 97 young (99328K), 3 survivors (3072K)
 Metaspace       used 20769K, capacity 21219K, committed 21296K, reserved 274432K
  class space    used 2507K, capacity 2665K, committed 2688K, reserved 253952K
}
Event: 6.042 GC heap after
{Heap after GC invocations=2 (full 0):
 garbage-first heap   total 262144K, used 17594K [0x00000000e0000000, 0x0000000100000000)
  region size 1024K, 11 young (11264K), 11 survivors (11264K)
 Metaspace       used 20769K, capacity 21219K, committed 21296K, reserved 274432K
  class space    used 2507K, capacity 2665K, committed 2688K, reserved 253952K
}
Event: 6.331 GC heap before
{Heap before GC invocations=3 (full 0):
 garbage-first heap   total 262144K, used 41146K [0x00000000e0000000, 0x0000000100000000)
  region size 1024K, 34 young (34816K), 11 survivors (11264K)
 Metaspace       used 22902K, capacity 23438K, committed 23804K, reserved 276480K
  class space    used 2882K, capacity 3048K, committed 3148K, reserved 253952K
}
Event: 6.338 GC heap after
{Heap after GC invocations=4 (full 0):
 garbage-first heap   total 262144K, used 18920K [0x00000000e0000000, 0x0000000100000000)
  region size 1024K, 2 young (2048K), 2 survivors (2048K)
 Metaspace       used 22902K, capacity 23438K, committed 23804K, reserved 276480K
  class space    used 2882K, capacity 3048K, committed 3148K, reserved 253952K
}
Event: 13.454 GC heap before
{Heap before GC invocations=4 (full 0):
 garbage-first heap   total 262144K, used 137704K [0x00000000e0000000, 0x0000000100000000)
  region size 1024K, 91 young (93184K), 2 survivors (2048K)
 Metaspace       used 31259K, capacity 32277K, committed 32380K, reserved 282624K
  class space    used 4165K, capacity 4530K, committed 4556K, reserved 253952K
}
Event: 13.463 GC heap after
{Heap after GC invocations=5 (full 0):
 garbage-first heap   total 262144K, used 54273K [0x00000000e0000000, 0x0000000100000000)
  region size 1024K, 8 young (8192K), 8 survivors (8192K)
 Metaspace       used 31259K, capacity 32277K, committed 32380K, reserved 282624K
  class space    used 4165K, capacity 4530K, committed 4556K, reserved 253952K
}
Event: 15.173 GC heap before
{Heap before GC invocations=5 (full 0):
 garbage-first heap   total 262144K, used 81921K [0x00000000e0000000, 0x0000000100000000)
  region size 1024K, 36 young (36864K), 8 survivors (8192K)
 Metaspace       used 34878K, capacity 35950K, committed 36048K, reserved 286720K
  class space    used 4667K, capacity 5072K, committed 5152K, reserved 253952K
}
Event: 15.184 GC heap after
{Heap after GC invocations=6 (full 0):
 garbage-first heap   total 262144K, used 56290K [0x00000000e0000000, 0x0000000100000000)
  region size 1024K, 9 young (9216K), 9 survivors (9216K)
 Metaspace       used 34878K, capacity 35950K, committed 36048K, reserved 286720K
  class space    used 4667K, capacity 5072K, committed 5152K, reserved 253952K
}
Event: 25.440 GC heap before
{Heap before GC invocations=7 (full 0):
 garbage-first heap   total 262144K, used 177122K [0x00000000e0000000, 0x0000000100000000)
  region size 1024K, 103 young (105472K), 9 survivors (9216K)
 Metaspace       used 44958K, capacity 46218K, committed 46416K, reserved 294912K
  class space    used 5746K, capacity 6201K, committed 6304K, reserved 253952K
}
Event: 25.470 GC heap after
{Heap after GC invocations=8 (full 0):
 garbage-first heap   total 262144K, used 87429K [0x00000000e0000000, 0x0000000100000000)
  region size 1024K, 11 young (11264K), 11 survivors (11264K)
 Metaspace       used 44958K, capacity 46218K, committed 46416K, reserved 294912K
  class space    used 5746K, capacity 6201K, committed 6304K, reserved 253952K
}
Event: 28.180 GC heap before
{Heap before GC invocations=9 (full 0):
 garbage-first heap   total 262144K, used 182661K [0x00000000e0000000, 0x0000000100000000)
  region size 1024K, 96 young (98304K), 11 survivors (11264K)
 Metaspace       used 52405K, capacity 53828K, committed 53840K, reserved 301056K
  class space    used 6781K, capacity 7326K, committed 7328K, reserved 253952K
}
Event: 28.200 GC heap after
{Heap after GC invocations=10 (full 0):
 garbage-first heap   total 262144K, used 99482K [0x00000000e0000000, 0x0000000100000000)
  region size 1024K, 6 young (6144K), 6 survivors (6144K)
 Metaspace       used 52405K, capacity 53828K, committed 53840K, reserved 301056K
  class space    used 6781K, capacity 7326K, committed 7328K, reserved 253952K
}
Event: 31.017 GC heap before
{Heap before GC invocations=10 (full 0):
 garbage-first heap   total 262144K, used 184474K [0x00000000e0000000, 0x0000000100000000)
  region size 1024K, 90 young (92160K), 6 survivors (6144K)
 Metaspace       used 63126K, capacity 64757K, committed 64976K, reserved 311296K
  class space    used 8117K, capacity 8717K, committed 8736K, reserved 253952K
}
Event: 31.029 GC heap after
{Heap after GC invocations=11 (full 0):
 garbage-first heap   total 262144K, used 104972K [0x00000000e0000000, 0x0000000100000000)
  region size 1024K, 11 young (11264K), 11 survivors (11264K)
 Metaspace       used 63126K, capacity 64757K, committed 64976K, reserved 311296K
  class space    used 8117K, capacity 8717K, committed 8736K, reserved 253952K
}
Event: 34.614 GC heap before
{Heap before GC invocations=11 (full 0):
 garbage-first heap   total 262144K, used 203276K [0x00000000e0000000, 0x0000000100000000)
  region size 1024K, 86 young (88064K), 11 survivors (11264K)
 Metaspace       used 68572K, capacity 70585K, committed 70864K, reserved 315392K
  class space    used 8900K, capacity 9675K, committed 9760K, reserved 253952K
}
Event: 34.654 GC heap after
{Heap after GC invocations=12 (full 0):
 garbage-first heap   total 262144K, used 135571K [0x00000000e0000000, 0x0000000100000000)
  region size 1024K, 13 young (13312K), 13 survivors (13312K)
 Metaspace       used 68572K, capacity 70585K, committed 70864K, reserved 315392K
  class space    used 8900K, capacity 9675K, committed 9760K, reserved 253952K
}
Event: 38.370 GC heap before
{Heap before GC invocations=13 (full 0):
 garbage-first heap   total 262144K, used 210323K [0x00000000e0000000, 0x0000000100000000)
  region size 1024K, 81 young (82944K), 13 survivors (13312K)
 Metaspace       used 72259K, capacity 74637K, committed 74832K, reserved 319488K
  class space    used 9465K, capacity 10312K, committed 10400K, reserved 253952K
}
Event: 38.392 GC heap after
{Heap after GC invocations=14 (full 0):
 garbage-first heap   total 262144K, used 146625K [0x00000000e0000000, 0x0000000100000000)
  region size 1024K, 6 young (6144K), 6 survivors (6144K)
 Metaspace       used 72259K, capacity 74637K, committed 74832K, reserved 319488K
  class space    used 9465K, capacity 10312K, committed 10400K, reserved 253952K
}
Event: 43.937 GC heap before
{Heap before GC invocations=14 (full 0):
 garbage-first heap   total 262144K, used 211137K [0x00000000e0000000, 0x0000000100000000)
  region size 1024K, 70 young (71680K), 6 survivors (6144K)
 Metaspace       used 75138K, capacity 77560K, committed 77648K, reserved 321536K
  class space    used 9749K, capacity 10633K, committed 10656K, reserved 253952K
}
Event: 43.951 GC heap after
{Heap after GC invocations=15 (full 0):
 garbage-first heap   total 262144K, used 148138K [0x00000000e0000000, 0x0000000100000000)
  region size 1024K, 3 young (3072K), 3 survivors (3072K)
 Metaspace       used 75138K, capacity 77560K, committed 77648K, reserved 321536K
  class space    used 9749K, capacity 10633K, committed 10656K, reserved 253952K
}

