# JRE version: OpenJDK Runtime Environment Corretto-11.0.16.8.1 (11.0.16+8) (build 11.0.16+8-LTS)
# Java VM: OpenJDK 64-Bit Server VM Corretto-11.0.16.8.1 (11.0.16+8-LTS, mixed mode, tiered, compressed oops, g1 gc, windows-amd64)
Heap:
 garbage-first heap   total 262144K, used 179554K [0x00000000e0000000, 0x0000000100000000)
  region size 1024K, 50 young (51200K), 10 survivors (10240K)
 Metaspace       used 63452K, capacity 65721K, committed 65872K, reserved 311296K
  class space    used 8340K, capacity 9144K, committed 9216K, reserved 253952K
GC Heap History (16 events):
Event: 1.465 GC heap before
{Heap before GC invocations=0 (full 0):
 garbage-first heap   total 262144K, used 29696K [0x00000000e0000000, 0x0000000100000000)
  region size 1024K, 24 young (24576K), 0 survivors (0K)
 Metaspace       used 10030K, capacity 10267K, committed 10368K, reserved 264192K
  class space    used 1012K, capacity 1103K, committed 1152K, reserved 253952K
}
Event: 1.475 GC heap after
{Heap after GC invocations=1 (full 0):
 garbage-first heap   total 262144K, used 9601K [0x00000000e0000000, 0x0000000100000000)
  region size 1024K, 3 young (3072K), 3 survivors (3072K)
 Metaspace       used 10030K, capacity 10267K, committed 10368K, reserved 264192K
  class space    used 1012K, capacity 1103K, committed 1152K, reserved 253952K
}
Event: 5.677 GC heap before
{Heap before GC invocations=1 (full 0):
 garbage-first heap   total 262144K, used 103809K [0x00000000e0000000, 0x0000000100000000)
  region size 1024K, 95 young (97280K), 3 survivors (3072K)
 Metaspace       used 20693K, capacity 21131K, committed 21296K, reserved 274432K
  class space    used 2485K, capacity 2633K, committed 2688K, reserved 253952K
}
Event: 5.689 GC heap after
{Heap after GC invocations=2 (full 0):
 garbage-first heap   total 262144K, used 16872K [0x00000000e0000000, 0x0000000100000000)
  region size 1024K, 11 young (11264K), 11 survivors (11264K)
 Metaspace       used 20693K, capacity 21131K, committed 21296K, reserved 274432K
  class space    used 2485K, capacity 2633K, committed 2688K, reserved 253952K
}
Event: 6.660 GC heap before
{Heap before GC invocations=3 (full 0):
 garbage-first heap   total 262144K, used 80360K [0x00000000e0000000, 0x0000000100000000)
  region size 1024K, 73 young (74752K), 11 survivors (11264K)
 Metaspace       used 27330K, capacity 28058K, committed 28208K, reserved 278528K
  class space    used 3570K, capacity 3850K, committed 3968K, reserved 253952K
}
Event: 6.674 GC heap after
{Heap after GC invocations=4 (full 0):
 garbage-first heap   total 262144K, used 20008K [0x00000000e0000000, 0x0000000100000000)
  region size 1024K, 3 young (3072K), 3 survivors (3072K)
 Metaspace       used 27330K, capacity 28058K, committed 28208K, reserved 278528K
  class space    used 3570K, capacity 3850K, committed 3968K, reserved 253952K
}
Event: 8.516 GC heap before
{Heap before GC invocations=4 (full 0):
 garbage-first heap   total 262144K, used 127528K [0x00000000e0000000, 0x0000000100000000)
  region size 1024K, 82 young (83968K), 3 survivors (3072K)
 Metaspace       used 34705K, capacity 35774K, committed 35920K, reserved 286720K
  class space    used 4654K, capacity 5032K, committed 5120K, reserved 253952K
}
Event: 8.527 GC heap after
{Heap after GC invocations=5 (full 0):
 garbage-first heap   total 262144K, used 55938K [0x00000000e0000000, 0x0000000100000000)
  region size 1024K, 10 young (10240K), 10 survivors (10240K)
 Metaspace       used 34705K, capacity 35774K, committed 35920K, reserved 286720K
  class space    used 4654K, capacity 5032K, committed 5120K, reserved 253952K
}
Event: 11.722 GC heap before
{Heap before GC invocations=6 (full 0):
 garbage-first heap   total 262144K, used 189058K [0x00000000e0000000, 0x0000000100000000)
  region size 1024K, 116 young (118784K), 10 survivors (10240K)
 Metaspace       used 45247K, capacity 46615K, committed 46928K, reserved 294912K
  class space    used 5788K, capacity 6309K, committed 6400K, reserved 253952K
}
Event: 11.745 GC heap after
{Heap after GC invocations=7 (full 0):
 garbage-first heap   total 262144K, used 86947K [0x00000000e0000000, 0x0000000100000000)
  region size 1024K, 15 young (15360K), 15 survivors (15360K)
 Metaspace       used 45247K, capacity 46615K, committed 46928K, reserved 294912K
  class space    used 5788K, capacity 6309K, committed 6400K, reserved 253952K
}
Event: 14.148 GC heap before
{Heap before GC invocations=7 (full 0):
 garbage-first heap   total 262144K, used 202659K [0x00000000e0000000, 0x0000000100000000)
  region size 1024K, 120 young (122880K), 15 survivors (15360K)
 Metaspace       used 54600K, capacity 56347K, committed 56528K, reserved 303104K
  class space    used 7095K, capacity 7759K, committed 7808K, reserved 253952K
}
Event: 14.168 GC heap after
{Heap after GC invocations=8 (full 0):
 garbage-first heap   total 262144K, used 101677K [0x00000000e0000000, 0x0000000100000000)
  region size 1024K, 7 young (7168K), 7 survivors (7168K)
 Metaspace       used 54600K, capacity 56347K, committed 56528K, reserved 303104K
  class space    used 7095K, capacity 7759K, committed 7808K, reserved 253952K
}
Event: 15.510 GC heap before
{Heap before GC invocations=8 (full 0):
 garbage-first heap   total 262144K, used 168237K [0x00000000e0000000, 0x0000000100000000)
  region size 1024K, 52 young (53248K), 7 survivors (7168K)
 Metaspace       used 56614K, capacity 58462K, committed 58576K, reserved 305152K
  class space    used 7375K, capacity 8052K, committed 8064K, reserved 253952K
}
Event: 15.519 GC heap after
{Heap after GC invocations=9 (full 0):
 garbage-first heap   total 262144K, used 128187K [0x00000000e0000000, 0x0000000100000000)
  region size 1024K, 12 young (12288K), 12 survivors (12288K)
 Metaspace       used 56614K, capacity 58462K, committed 58576K, reserved 305152K
  class space    used 7375K, capacity 8052K, committed 8064K, reserved 253952K
}
Event: 16.616 GC heap before
{Heap before GC invocations=10 (full 0):
 garbage-first heap   total 262144K, used 215227K [0x00000000e0000000, 0x0000000100000000)
  region size 1024K, 91 young (93184K), 12 survivors (12288K)
 Metaspace       used 60195K, capacity 62300K, committed 62544K, reserved 309248K
  class space    used 7925K, capacity 8678K, committed 8704K, reserved 253952K
}
Event: 16.630 GC heap after
{Heap after GC invocations=11 (full 0):
 garbage-first heap   total 262144K, used 139618K [0x00000000e0000000, 0x0000000100000000)
  region size 1024K, 10 young (10240K), 10 survivors (10240K)
 Metaspace       used 60195K, capacity 62300K, committed 62544K, reserved 309248K
  class space    used 7925K, capacity 8678K, committed 8704K, reserved 253952K
}

